Determining if the pthread_create exist failed with the following output:
Change Dir: /home/esp010/Bureau/UnSHA-Me/cmake-build-release/CMakeFiles/CMakeTmp

Run Build Command:"/usr/bin/make" "cmTC_4285a/fast"
/usr/bin/make -f CMakeFiles/cmTC_4285a.dir/build.make CMakeFiles/cmTC_4285a.dir/build
make[1] : on entre dans le répertoire « /home/esp010/Bureau/UnSHA-Me/cmake-build-release/CMakeFiles/CMakeTmp »
Building C object CMakeFiles/cmTC_4285a.dir/CheckSymbolExists.c.o
/usr/bin/cc    -o CMakeFiles/cmTC_4285a.dir/CheckSymbolExists.c.o   -c /home/esp010/Bureau/UnSHA-Me/cmake-build-release/CMakeFiles/CMakeTmp/CheckSymbolExists.c
Linking C executable cmTC_4285a
/opt/apps/CLion/ch-0/173.3727.114/bin/cmake/bin/cmake -E cmake_link_script CMakeFiles/cmTC_4285a.dir/link.txt --verbose=1
/usr/bin/cc      -rdynamic CMakeFiles/cmTC_4285a.dir/CheckSymbolExists.c.o  -o cmTC_4285a 
CMakeFiles/cmTC_4285a.dir/CheckSymbolExists.c.o : Dans la fonction « main » :
CheckSymbolExists.c:(.text+0x16) : référence indéfinie vers « pthread_create »
collect2: error: ld returned 1 exit status
CMakeFiles/cmTC_4285a.dir/build.make:97 : la recette pour la cible « cmTC_4285a » a échouée
make[1]: *** [cmTC_4285a] Erreur 1
make[1] : on quitte le répertoire « /home/esp010/Bureau/UnSHA-Me/cmake-build-release/CMakeFiles/CMakeTmp »
Makefile:126 : la recette pour la cible « cmTC_4285a/fast » a échouée
make: *** [cmTC_4285a/fast] Erreur 2

File /home/esp010/Bureau/UnSHA-Me/cmake-build-release/CMakeFiles/CMakeTmp/CheckSymbolExists.c:
/* */
#include <pthread.h>

int main(int argc, char** argv)
{
  (void)argv;
#ifndef pthread_create
  return ((int*)(&pthread_create))[argc];
#else
  (void)argc;
  return 0;
#endif
}

Determining if the function pthread_create exists in the pthreads failed with the following output:
Change Dir: /home/esp010/Bureau/UnSHA-Me/cmake-build-release/CMakeFiles/CMakeTmp

Run Build Command:"/usr/bin/make" "cmTC_c2022/fast"
/usr/bin/make -f CMakeFiles/cmTC_c2022.dir/build.make CMakeFiles/cmTC_c2022.dir/build
make[1] : on entre dans le répertoire « /home/esp010/Bureau/UnSHA-Me/cmake-build-release/CMakeFiles/CMakeTmp »
Building C object CMakeFiles/cmTC_c2022.dir/CheckFunctionExists.c.o
/usr/bin/cc   -DCHECK_FUNCTION_EXISTS=pthread_create   -o CMakeFiles/cmTC_c2022.dir/CheckFunctionExists.c.o   -c /opt/apps/CLion/ch-0/173.3727.114/bin/cmake/share/cmake-3.9/Modules/CheckFunctionExists.c
Linking C executable cmTC_c2022
/opt/apps/CLion/ch-0/173.3727.114/bin/cmake/bin/cmake -E cmake_link_script CMakeFiles/cmTC_c2022.dir/link.txt --verbose=1
/usr/bin/cc  -DCHECK_FUNCTION_EXISTS=pthread_create    -rdynamic CMakeFiles/cmTC_c2022.dir/CheckFunctionExists.c.o  -o cmTC_c2022 -lpthreads 
/usr/bin/ld : ne peut trouver -lpthreads
collect2: error: ld returned 1 exit status
CMakeFiles/cmTC_c2022.dir/build.make:97 : la recette pour la cible « cmTC_c2022 » a échouée
make[1]: *** [cmTC_c2022] Erreur 1
make[1] : on quitte le répertoire « /home/esp010/Bureau/UnSHA-Me/cmake-build-release/CMakeFiles/CMakeTmp »
Makefile:126 : la recette pour la cible « cmTC_c2022/fast » a échouée
make: *** [cmTC_c2022/fast] Erreur 2


